SF:lib/db/create_word_index.dart
DA:8,0
DA:9,0
DA:10,0
DA:11,0
DA:12,0
DA:25,1
DA:26,3
DA:28,2
DA:29,1
DA:31,2
DA:33,1
DA:34,1
DA:35,2
DA:36,3
DA:37,1
DA:38,2
DA:39,2
DA:48,1
DA:51,2
DA:52,1
DA:57,1
DA:59,2
DA:60,2
DA:61,2
DA:62,1
LF:25
LH:20
end_of_record
SF:lib/helpers/file_helpers.dart
DA:10,1
DA:11,2
DA:12,1
DA:22,1
DA:24,3
DA:27,0
LF:6
LH:5
end_of_record
SF:lib/helpers/string_helpers.dart
DA:4,6
DA:12,2
DA:13,4
DA:14,4
DA:24,2
DA:25,6
DA:34,2
DA:35,2
DA:37,4
DA:38,4
DA:39,2
DA:41,2
DA:42,2
DA:45,6
DA:46,2
DA:50,1
DA:51,2
LF:17
LH:17
end_of_record
SF:lib/helpers/stop_words.dart
DA:1,3
LF:1
LH:1
end_of_record
SF:lib/prefix_node.dart
DA:16,2
DA:19,2
DA:20,2
DA:21,2
DA:22,2
DA:23,3
DA:24,4
DA:25,4
DA:30,2
DA:31,2
DA:32,2
DA:33,2
DA:34,4
DA:35,6
DA:36,6
DA:40,1
DA:42,6
LF:17
LH:17
end_of_record
SF:lib/prefix_tree.dart
DA:11,0
DA:12,0
DA:28,1
DA:29,2
DA:31,4
DA:32,0
DA:33,4
DA:34,3
DA:36,3
DA:37,1
DA:39,4
DA:50,1
DA:51,3
DA:58,1
DA:59,2
DA:60,1
DA:67,1
DA:68,3
DA:77,1
DA:78,1
DA:79,1
DA:80,1
DA:81,3
DA:91,1
DA:92,1
DA:93,1
DA:96,2
DA:98,1
DA:102,2
DA:114,1
DA:120,2
DA:123,2
DA:124,3
DA:127,4
DA:128,2
DA:137,1
DA:138,1
DA:142,4
DA:143,1
DA:144,4
DA:145,1
DA:147,1
DA:149,2
DA:154,1
DA:161,0
DA:163,0
DA:169,0
DA:170,0
DA:171,0
DA:172,0
DA:174,0
DA:175,0
DA:176,0
DA:180,0
DA:182,0
DA:185,0
DA:186,0
DA:196,0
DA:198,0
LF:59
LH:41
end_of_record
SF:lib/db/create_internal_db.dart
DA:10,0
DA:11,0
DA:36,1
DA:37,1
DA:39,3
DA:40,1
DA:41,2
DA:42,2
DA:43,1
DA:44,1
DA:45,2
DA:47,1
DA:48,1
DA:49,2
DA:50,1
DA:52,1
DA:63,1
DA:64,1
DA:72,1
DA:74,1
DA:79,1
DA:84,1
DA:89,1
DA:94,1
DA:99,1
DA:104,1
DA:117,0
DA:118,0
DA:120,0
DA:122,0
DA:141,1
DA:142,1
DA:143,1
DA:144,3
DA:145,2
DA:146,2
DA:147,3
DA:148,3
DA:152,3
DA:153,1
DA:166,1
DA:167,3
DA:168,2
DA:169,2
DA:170,3
LF:45
LH:39
end_of_record
